[debug] [2019-09-18T12:30:57.560Z] ----------------------------------------------------------------------
[debug] [2019-09-18T12:30:57.562Z] Command:       /usr/local/Cellar/node/7.6.0/bin/node /usr/local/bin/firebase serve
[debug] [2019-09-18T12:30:57.562Z] CLI Version:   6.3.1
[debug] [2019-09-18T12:30:57.562Z] Platform:      darwin
[debug] [2019-09-18T12:30:57.562Z] Node Version:  v9.10.1
[debug] [2019-09-18T12:30:57.562Z] Time:          Wed Sep 18 2019 20:30:57 GMT+0800 (PST)
[debug] [2019-09-18T12:30:57.563Z] ----------------------------------------------------------------------
[debug] 
[debug] [2019-09-18T12:30:57.581Z] > command requires scopes: ["email","openid","https://www.googleapis.com/auth/cloudplatformprojects.readonly","https://www.googleapis.com/auth/firebase","https://www.googleapis.com/auth/cloud-platform"]
[debug] [2019-09-18T12:30:57.584Z] > authorizing via signed-in user
[debug] [2019-09-18T12:30:57.584Z] [iam] checking project sulatroniko-6c3bd for permissions ["firebase.projects.get"]
[debug] [2019-09-18T12:30:57.586Z] > refreshing access token with scopes: ["email","https://www.googleapis.com/auth/cloud-platform","https://www.googleapis.com/auth/cloudplatformprojects.readonly","https://www.googleapis.com/auth/firebase","openid"]
[debug] [2019-09-18T12:30:57.587Z] >>> HTTP REQUEST POST https://www.googleapis.com/oauth2/v3/token  
 <request body omitted>
[debug] [2019-09-18T12:30:57.908Z] <<< HTTP RESPONSE 200
[debug] [2019-09-18T12:30:57.927Z] >>> HTTP REQUEST POST https://cloudresourcemanager.googleapis.com/v1/projects/sulatroniko-6c3bd:testIamPermissions  

[debug] [2019-09-18T12:30:59.094Z] <<< HTTP RESPONSE 200
[debug] [2019-09-18T12:30:59.096Z] >>> HTTP REQUEST GET https://cloudresourcemanager.googleapis.com/v1/projects/sulatroniko-6c3bd  
 
[debug] [2019-09-18T12:31:00.188Z] <<< HTTP RESPONSE 200
[info] 
[info] === Serving from '/Users/banana2/Desktop/sulatroniko/sulatroniko-api'...
[info] 
[info] i  functions: Preparing to emulate functions.
[debug] [2019-09-18T12:31:01.045Z] Fetching environment
[debug] [2019-09-18T12:31:01.047Z] >>> HTTP REQUEST GET https://mobilesdk-pa.googleapis.com/v1/projects/332794252793:getServerAppConfig  
 
[debug] [2019-09-18T12:31:01.586Z] <<< HTTP RESPONSE 200
[debug] [2019-09-18T12:31:01.586Z] Starting @google-cloud/functions-emulator
[debug] [2019-09-18T12:31:03.167Z] Parsing function triggers
[info] ✔  functions: api: http://localhost:5000/sulatroniko-6c3bd/us-central1/api
